\BOOKMARK [0][-]{figure.caption.1}{\376\377\000A\000G\000R\000A\000D\000E\000C\000I\000M\000I\000E\000N\000T\000O\000S}{}% 1
\BOOKMARK [0][-]{chapter*.2}{\376\377\000R\000E\000S\000U\000M\000E\000N}{}% 2
\BOOKMARK [0][-]{chapter*.3}{\376\377\000A\000B\000S\000T\000R\000A\000C\000T}{}% 3
\BOOKMARK [0][-]{chapter.1}{\376\377\000I\000N\000T\000R\000O\000D\000U\000C\000C\000I\000\323\000N}{}% 4
\BOOKMARK [1][-]{section.1.1}{\376\377\000D\000e\000s\000c\000r\000i\000p\000c\000i\000\363\000n\000\040\000d\000e\000l\000\040\000P\000r\000o\000b\000l\000e\000m\000a}{chapter.1}% 5
\BOOKMARK [1][-]{section.1.2}{\376\377\000D\000e\000s\000c\000r\000i\000p\000c\000i\000\363\000n\000\040\000d\000e\000l\000\040\000p\000r\000o\000y\000e\000c\000t\000o}{chapter.1}% 6
\BOOKMARK [2][-]{subsection.1.2.1}{\376\377\000H\000i\000p\000\363\000t\000e\000s\000i\000s}{section.1.2}% 7
\BOOKMARK [2][-]{subsection.1.2.2}{\376\377\000O\000b\000j\000e\000t\000i\000v\000o\000\040\000G\000e\000n\000e\000r\000a\000l}{section.1.2}% 8
\BOOKMARK [2][-]{subsection.1.2.3}{\376\377\000O\000b\000j\000e\000t\000i\000v\000o\000s\000\040\000E\000s\000p\000e\000c\000\355\000f\000i\000c\000o\000s}{section.1.2}% 9
\BOOKMARK [0][-]{chapter.2}{\376\377\000M\000A\000R\000C\000O\000\040\000T\000E\000\323\000R\000I\000C\000O}{}% 10
\BOOKMARK [1][-]{section.2.1}{\376\377\000I\000n\000t\000e\000l\000i\000g\000e\000n\000c\000i\000a\000\040\000A\000r\000t\000i\000f\000i\000c\000i\000a\000l}{chapter.2}% 11
\BOOKMARK [1][-]{section.2.2}{\376\377\000M\000a\000c\000h\000i\000n\000e\000\040\000L\000e\000a\000r\000n\000i\000n\000g}{chapter.2}% 12
\BOOKMARK [2][-]{subsection.2.2.1}{\376\377\000M\000a\000c\000h\000i\000n\000e\000\040\000L\000e\000a\000r\000n\000i\000n\000g\000:\000\040\000T\000i\000p\000o\000s\000\040\000d\000e\000\040\000A\000p\000r\000e\000n\000d\000i\000z\000a\000j\000e\000s}{section.2.2}% 13
\BOOKMARK [2][-]{subsection.2.2.2}{\376\377\000T\000\351\000c\000n\000i\000c\000a\000s\000\040\000d\000e\000\040\000C\000l\000a\000s\000i\000f\000i\000c\000a\000c\000i\000\363\000n}{section.2.2}% 14
\BOOKMARK [2][-]{subsection.2.2.3}{\376\377\000D\000e\000c\000i\000s\000i\000o\000n\000\040\000T\000r\000e\000e\000\040\000\050\000\301\000r\000b\000o\000l\000\040\000d\000e\000\040\000D\000e\000c\000i\000s\000i\000\363\000n\000\051}{section.2.2}% 15
\BOOKMARK [2][-]{subsection.2.2.4}{\376\377\000R\000a\000n\000d\000o\000m\000\040\000F\000o\000r\000e\000s\000t\000\040\000\050\000B\000o\000s\000q\000u\000e\000\040\000A\000l\000e\000a\000t\000o\000r\000i\000o\000\051}{section.2.2}% 16
\BOOKMARK [2][-]{subsection.2.2.5}{\376\377\000N\000a\000\357\000v\000e\000\040\000B\000a\000y\000e\000s\000\040\000\050\000R\000e\000d\000e\000s\000\040\000d\000e\000\040\000B\000a\000y\000e\000s\000\051}{section.2.2}% 17
\BOOKMARK [2][-]{subsection.2.2.6}{\376\377\000L\000o\000g\000i\000s\000t\000i\000c\000\040\000R\000e\000g\000r\000e\000s\000s\000i\000o\000n\000\040\000\050\000R\000e\000g\000r\000e\000s\000i\000\363\000n\000\040\000L\000o\000g\000\355\000s\000t\000i\000c\000a\000\051}{section.2.2}% 18
\BOOKMARK [2][-]{subsection.2.2.7}{\376\377\000S\000u\000p\000p\000o\000r\000t\000\040\000V\000e\000c\000t\000o\000r\000\040\000M\000a\000c\000h\000i\000n\000e\000\040\000\050\000M\000\341\000q\000u\000i\000n\000a\000\040\000d\000e\000\040\000V\000e\000c\000t\000o\000r\000e\000s\000\040\000d\000e\000\040\000S\000o\000p\000o\000r\000t\000e\000s\000\051}{section.2.2}% 19
\BOOKMARK [2][-]{subsection.2.2.8}{\376\377\000A\000r\000t\000i\000f\000i\000c\000i\000a\000l\000\040\000N\000e\000u\000r\000a\000l\000\040\000N\000e\000t\000w\000o\000r\000k\000s\000\040\000\050\000R\000e\000d\000e\000s\000\040\000N\000e\000u\000r\000o\000n\000a\000l\000e\000s\000\040\000A\000r\000t\000i\000f\000i\000c\000i\000a\000l\000e\000s\000\051}{section.2.2}% 20
\BOOKMARK [2][-]{subsection.2.2.9}{\376\377\000D\000e\000e\000p\000\040\000B\000e\000l\000i\000e\000f\000\040\000N\000e\000t\000w\000o\000r\000k\000\040\000\050\000R\000e\000d\000\040\000d\000e\000\040\000c\000r\000e\000e\000n\000c\000i\000a\000s\000\040\000p\000r\000o\000f\000u\000n\000d\000a\000s\000\051}{section.2.2}% 21
\BOOKMARK [2][-]{subsection.2.2.10}{\376\377\000F\000e\000e\000d\000f\000o\000r\000w\000a\000r\000d\000\040\000A\000r\000t\000i\000f\000i\000c\000i\000a\000l\000\040\000N\000e\000u\000r\000a\000l\000\040\000N\000e\000t\000w\000o\000r\000k\000\040\000\050\000R\000e\000d\000\040\000N\000e\000u\000r\000o\000n\000a\000l\000\040\000d\000e\000\040\000R\000e\000t\000r\000o\000a\000l\000i\000m\000e\000n\000t\000a\000c\000i\000\363\000n\000\051}{section.2.2}% 22
\BOOKMARK [2][-]{subsection.2.2.11}{\376\377\000R\000e\000c\000u\000r\000r\000e\000n\000t\000\040\000N\000e\000u\000r\000a\000l\000\040\000N\000e\000t\000w\000o\000r\000k\000s\000\040\000\050\000R\000e\000d\000e\000s\000\040\000N\000e\000u\000r\000o\000n\000a\000l\000e\000s\000\040\000R\000e\000c\000u\000r\000r\000e\000n\000t\000e\000s\000\051}{section.2.2}% 23
\BOOKMARK [1][-]{section.2.3}{\376\377\000D\000e\000e\000p\000\040\000L\000e\000a\000r\000n\000i\000n\000g\000\040\000\050\000A\000p\000r\000e\000n\000d\000i\000z\000a\000j\000e\000\040\000P\000r\000o\000f\000u\000n\000d\000o\000\051}{chapter.2}% 24
\BOOKMARK [2][-]{subsection.2.3.1}{\376\377\000C\000o\000n\000v\000o\000l\000u\000t\000i\000o\000n\000a\000l\000\040\000N\000e\000u\000r\000a\000l\000\040\000N\000e\000t\000w\000o\000r\000k\000s\000\040\000\050\000R\000e\000d\000e\000s\000\040\000N\000e\000u\000r\000o\000n\000a\000l\000e\000s\000\040\000C\000o\000n\000v\000o\000l\000u\000c\000i\000o\000n\000a\000l\000e\000s\000\051}{section.2.3}% 25
\BOOKMARK [2][-]{subsection.2.3.2}{\376\377\000N\000e\000u\000r\000a\000l\000\040\000N\000e\000t\000w\000o\000r\000k\000s\000\040\000f\000o\000r\000\040\000S\000c\000a\000r\000c\000e\000\040\000D\000a\000t\000a\000\040\000D\000o\000m\000a\000i\000n\000s\000\040\000\050\000R\000e\000d\000e\000s\000\040\000n\000e\000u\000r\000o\000n\000a\000l\000e\000s\000\040\000p\000a\000r\000a\000\040\000d\000o\000m\000i\000n\000i\000o\000s\000\040\000d\000e\000\040\000d\000a\000t\000o\000s\000\040\000e\000s\000c\000a\000s\000o\000s\000\051}{section.2.3}% 26
\BOOKMARK [1][-]{section.2.4}{\376\377\000D\000a\000t\000a\000s\000e\000t}{chapter.2}% 27
\BOOKMARK [1][-]{section.2.5}{\376\377\000A\000s\000p\000e\000c\000t\000o\000s\000\040\000d\000e\000\040\000l\000a\000\040\000s\000a\000l\000u\000d\000\040\000y\000\040\000l\000a\000\040\000e\000n\000f\000e\000r\000m\000e\000d\000a\000d}{chapter.2}% 28
\BOOKMARK [2][-]{subsection.2.5.1}{\376\377\000A\000c\000c\000i\000d\000e\000n\000t\000e\000\040\000C\000e\000r\000e\000b\000r\000o\000\040\000V\000a\000s\000c\000u\000l\000a\000r}{section.2.5}% 29
\BOOKMARK [2][-]{subsection.2.5.2}{\376\377\000A\000c\000c\000i\000d\000e\000n\000t\000e\000\040\000C\000e\000r\000e\000b\000r\000o\000\040\000V\000a\000s\000c\000u\000l\000a\000r\000\040\000I\000s\000q\000u\000\351\000m\000i\000c\000o}{section.2.5}% 30
\BOOKMARK [2][-]{subsection.2.5.3}{\376\377\000S\000\355\000n\000t\000o\000m\000a\000s\000\040\000A\000C\000V\000\040\000I\000s\000q\000u\000\351\000m\000i\000c\000o}{section.2.5}% 31
\BOOKMARK [2][-]{subsection.2.5.4}{\376\377\000C\000a\000t\000e\000g\000o\000r\000\355\000a\000s\000\040\000d\000e\000\040\000l\000o\000s\000\040\000A\000C\000V}{section.2.5}% 32
\BOOKMARK [2][-]{subsection.2.5.5}{\376\377\000T\000r\000a\000t\000a\000m\000i\000e\000n\000t\000o\000\040\000y\000\040\000A\000c\000t\000u\000a\000l\000i\000z\000a\000c\000i\000o\000n\000e\000s\000\040\000e\000n\000\040\000l\000o\000s\000\040\000A\000C\000V}{section.2.5}% 33
\BOOKMARK [0][-]{chapter.3}{\376\377\000T\000R\000A\000B\000A\000J\000O\000S\000\040\000R\000E\000L\000A\000C\000I\000O\000N\000A\000D\000O\000S}{}% 34
\BOOKMARK [0][-]{chapter.4}{\376\377\000E\000S\000T\000U\000D\000I\000O\000\040\000E\000M\000P\000\315\000R\000I\000C\000O}{}% 35
\BOOKMARK [1][-]{section.4.1}{\376\377\000E\000n\000f\000o\000q\000u\000e\000\040\000d\000e\000\040\000l\000a\000\040\000i\000n\000v\000e\000s\000t\000i\000g\000a\000c\000i\000\363\000n}{chapter.4}% 36
\BOOKMARK [1][-]{section.4.2}{\376\377\000M\000e\000t\000o\000d\000o\000l\000o\000g\000\355\000a}{chapter.4}% 37
\BOOKMARK [1][-]{section.4.3}{\376\377\000A\000p\000l\000i\000c\000a\000c\000i\000\363\000n}{chapter.4}% 38
\BOOKMARK [1][-]{section.4.4}{\376\377\000C\000o\000l\000e\000c\000c\000i\000\363\000n\000\040\000d\000e\000\040\000d\000a\000t\000o\000s\000\040\000d\000e\000\040\000e\000n\000t\000r\000a\000d\000a}{chapter.4}% 39
\BOOKMARK [2][-]{subsection.4.4.1}{\376\377\000D\000i\000s\000e\000\361\000o\000\040\000d\000e\000l\000\040\000i\000n\000s\000t\000r\000u\000m\000e\000n\000t\000o}{section.4.4}% 40
\BOOKMARK [1][-]{section.4.5}{\376\377\000P\000r\000e\000p\000a\000r\000a\000c\000i\000\363\000n\000\040\000d\000e\000\040\000l\000o\000s\000\040\000d\000a\000t\000o\000s\000\040\000d\000e\000\040\000e\000n\000t\000r\000a\000d\000a}{chapter.4}% 41
\BOOKMARK [2][-]{subsection.4.5.1}{\376\377\000E\000l\000i\000m\000i\000n\000a\000c\000i\000\363\000n\000\040\000v\000a\000l\000o\000r\000e\000s\000\040\000n\000u\000l\000o\000s}{section.4.5}% 42
\BOOKMARK [2][-]{subsection.4.5.2}{\376\377\000V\000a\000r\000i\000a\000b\000l\000e\000s\000\040\000s\000i\000g\000n\000i\000f\000i\000c\000a\000t\000i\000v\000a\000s\000\040\000p\000a\000r\000a\000\040\000l\000a\000\040\000i\000n\000v\000e\000s\000t\000i\000g\000a\000c\000i\000\363\000n}{section.4.5}% 43
\BOOKMARK [2][-]{subsection.4.5.3}{\376\377\000D\000e\000s\000c\000r\000i\000p\000c\000i\000\363\000n\000\040\000g\000e\000n\000e\000r\000a\000l\000\040\000d\000e\000\040\000l\000o\000s\000\040\000d\000a\000t\000o\000s}{section.4.5}% 44
\BOOKMARK [2][-]{subsection.4.5.4}{\376\377\000M\000i\000s\000s\000i\000n\000g\000\040\000d\000a\000t\000a\000\040\000o\000\040\000p\000e\000r\000d\000i\000d\000a\000\040\000d\000e\000\040\000i\000n\000f\000o\000r\000m\000a\000c\000i\000\363\000n}{section.4.5}% 45
\BOOKMARK [2][-]{subsection.4.5.5}{\376\377\000P\000r\000e\000p\000r\000o\000c\000e\000s\000a\000m\000i\000e\000n\000t\000o\000\040\000d\000e\000\040\000l\000o\000s\000\040\000d\000a\000t\000o\000s\000\040\000y\000\040\000c\000l\000a\000s\000i\000f\000i\000c\000a\000c\000i\000\363\000n}{section.4.5}% 46
\BOOKMARK [2][-]{subsection.4.5.6}{\376\377\000B\000i\000n\000a\000r\000y\000\040\000E\000n\000c\000o\000d\000i\000n\000g\000\040\000\050\000C\000o\000d\000i\000f\000i\000c\000a\000c\000i\000\363\000n\000\040\000b\000i\000n\000a\000r\000i\000a\000\051}{section.4.5}% 47
\BOOKMARK [2][-]{subsection.4.5.7}{\376\377\000L\000a\000b\000e\000l\000\040\000E\000n\000c\000o\000d\000i\000n\000g\000\040\000\050\000C\000o\000d\000i\000f\000i\000c\000a\000c\000i\000\363\000n\000\040\000d\000e\000\040\000e\000t\000i\000q\000u\000e\000t\000a\000s\000\051}{section.4.5}% 48
\BOOKMARK [2][-]{subsection.4.5.8}{\376\377\000O\000n\000e\000-\000H\000o\000t\000\040\000E\000n\000c\000o\000d\000i\000n\000g\000:}{section.4.5}% 49
\BOOKMARK [1][-]{section.4.6}{\376\377\000A\000n\000\341\000l\000i\000s\000i\000s\000\040\000d\000e\000\040\000d\000a\000t\000o\000s\000\040\000d\000e\000\040\000e\000n\000t\000r\000a\000d\000a}{chapter.4}% 50
\BOOKMARK [2][-]{subsection.4.6.1}{\376\377\000A\000n\000\341\000l\000i\000s\000i\000s\000\040\000d\000e\000\040\000d\000e\000n\000s\000i\000d\000a\000d\000\040\000y\000\040\000e\000s\000t\000i\000m\000a\000c\000i\000\363\000n\000\040\000p\000o\000r\000\040\000v\000a\000r\000i\000a\000b\000l\000e}{section.4.6}% 51
\BOOKMARK [2][-]{subsection.4.6.2}{\376\377\000A\000n\000\341\000l\000i\000s\000i\000s\000\040\000p\000o\000r\000\040\000c\000o\000n\000t\000e\000o\000\040\000d\000e\000\040\000v\000a\000r\000i\000a\000b\000l\000e\000s\000\040\000c\000a\000t\000e\000g\000\363\000r\000i\000c\000a\000s}{section.4.6}% 52
\BOOKMARK [2][-]{subsection.4.6.3}{\376\377\000M\000a\000p\000a\000\040\000d\000e\000\040\000c\000a\000l\000o\000r\000\040\000d\000e\000\040\000v\000a\000r\000i\000a\000b\000l\000e\000s}{section.4.6}% 53
\BOOKMARK [1][-]{section.4.7}{\376\377\000N\000a\000\357\000v\000e\000\040\000B\000a\000y\000e\000s\000\040\000-\000\040\000E\000n\000t\000r\000e\000n\000a\000m\000i\000e\000n\000t\000o\000\040\000d\000e\000l\000\040\000a\000l\000g\000o\000r\000i\000t\000m\000o}{chapter.4}% 54
\BOOKMARK [2][-]{subsection.4.7.1}{\376\377\000V\000a\000r\000i\000a\000b\000l\000e\000\040\000c\000a\000t\000e\000g\000\363\000r\000i\000c\000a}{section.4.7}% 55
\BOOKMARK [2][-]{subsection.4.7.2}{\376\377\000C\000r\000e\000a\000c\000i\000\363\000n\000\040\000d\000e\000l\000\040\000m\000o\000d\000e\000l\000o\000\040\000y\000\040\000e\000n\000t\000r\000e\000n\000a\000m\000i\000e\000n\000t\000o}{section.4.7}% 56
\BOOKMARK [2][-]{subsection.4.7.3}{\376\377\000P\000r\000e\000d\000i\000c\000c\000i\000o\000n\000e\000s\000\040\000s\000o\000b\000r\000e\000\040\000l\000o\000s\000\040\000d\000a\000t\000o\000s\000\040\000d\000e\000\040\000p\000r\000u\000e\000b\000a\000\040\000y\000\040\000m\000\351\000t\000r\000i\000c\000a\000s\000\040\000d\000e\000\040\000r\000e\000n\000d\000i\000m\000i\000e\000n\000t\000o}{section.4.7}% 57
\BOOKMARK [2][-]{subsection.4.7.4}{\376\377\000M\000a\000t\000r\000i\000z\000\040\000d\000e\000\040\000C\000o\000n\000f\000u\000s\000i\000\363\000n}{section.4.7}% 58
\BOOKMARK [1][-]{section.4.8}{\376\377\000L\000o\000g\000i\000s\000t\000i\000c\000\040\000R\000e\000g\000r\000e\000s\000s\000i\000o\000n\000\040\000-\000\040\000E\000n\000t\000r\000e\000n\000a\000m\000i\000e\000n\000t\000o\000\040\000d\000e\000l\000\040\000a\000l\000g\000o\000r\000i\000t\000m\000o}{chapter.4}% 59
\BOOKMARK [2][-]{subsection.4.8.1}{\376\377\000V\000a\000r\000i\000a\000b\000l\000e\000\040\000c\000a\000t\000e\000g\000\363\000r\000i\000c\000a}{section.4.8}% 60
\BOOKMARK [2][-]{subsection.4.8.2}{\376\377\000C\000r\000e\000a\000c\000i\000\363\000n\000\040\000d\000e\000l\000\040\000m\000o\000d\000e\000l\000o\000\040\000y\000\040\000e\000n\000t\000r\000e\000n\000a\000m\000i\000e\000n\000t\000o}{section.4.8}% 61
\BOOKMARK [2][-]{subsection.4.8.3}{\376\377\000P\000r\000e\000d\000i\000c\000c\000i\000o\000n\000e\000s\000\040\000s\000o\000b\000r\000e\000\040\000l\000o\000s\000\040\000d\000a\000t\000o\000s\000\040\000d\000e\000\040\000p\000r\000u\000e\000b\000a\000\040\000y\000\040\000m\000\351\000t\000r\000i\000c\000a\000s\000\040\000d\000e\000\040\000r\000e\000n\000d\000i\000m\000i\000e\000n\000t\000o}{section.4.8}% 62
\BOOKMARK [2][-]{subsection.4.8.4}{\376\377\000M\000a\000t\000r\000i\000z\000\040\000d\000e\000\040\000C\000o\000n\000f\000u\000s\000i\000\363\000n}{section.4.8}% 63
\BOOKMARK [1][-]{section.4.9}{\376\377\000D\000e\000c\000i\000s\000i\000o\000n\000\040\000T\000r\000e\000e\000\040\000-\000\040\000E\000n\000t\000r\000e\000n\000a\000m\000i\000e\000n\000t\000o\000\040\000d\000e\000l\000\040\000a\000l\000g\000o\000r\000i\000t\000m\000o}{chapter.4}% 64
\BOOKMARK [2][-]{subsection.4.9.1}{\376\377\000V\000a\000r\000i\000a\000b\000l\000e\000\040\000c\000a\000t\000e\000g\000\363\000r\000i\000c\000a}{section.4.9}% 65
\BOOKMARK [2][-]{subsection.4.9.2}{\376\377\000C\000r\000e\000a\000c\000i\000\363\000n\000\040\000d\000e\000l\000\040\000m\000o\000d\000e\000l\000o\000\040\000y\000\040\000e\000n\000t\000r\000e\000n\000a\000m\000i\000e\000n\000t\000o}{section.4.9}% 66
\BOOKMARK [2][-]{subsection.4.9.3}{\376\377\000P\000r\000e\000d\000i\000c\000c\000i\000o\000n\000e\000s\000\040\000s\000o\000b\000r\000e\000\040\000l\000o\000s\000\040\000d\000a\000t\000o\000s\000\040\000d\000e\000\040\000p\000r\000u\000e\000b\000a\000\040\000y\000\040\000m\000\351\000t\000r\000i\000c\000a\000s\000\040\000d\000e\000\040\000r\000e\000n\000d\000i\000m\000i\000e\000n\000t\000o}{section.4.9}% 67
\BOOKMARK [2][-]{subsection.4.9.4}{\376\377\000M\000a\000t\000r\000i\000z\000\040\000d\000e\000\040\000C\000o\000n\000f\000u\000s\000i\000\363\000n}{section.4.9}% 68
\BOOKMARK [1][-]{section.4.10}{\376\377\000R\000a\000n\000d\000o\000m\000\040\000F\000o\000r\000e\000s\000t\000\040\000-\000\040\000E\000n\000t\000r\000e\000n\000a\000m\000i\000e\000n\000t\000o\000\040\000d\000e\000l\000\040\000a\000l\000g\000o\000r\000i\000t\000m\000o}{chapter.4}% 69
\BOOKMARK [2][-]{subsection.4.10.1}{\376\377\000V\000a\000r\000i\000a\000b\000l\000e\000\040\000c\000a\000t\000e\000g\000\363\000r\000i\000c\000a}{section.4.10}% 70
\BOOKMARK [2][-]{subsection.4.10.2}{\376\377\000C\000r\000e\000a\000c\000i\000\363\000n\000\040\000d\000e\000l\000\040\000m\000o\000d\000e\000l\000o\000\040\000y\000\040\000e\000n\000t\000r\000e\000n\000a\000m\000i\000e\000n\000t\000o}{section.4.10}% 71
\BOOKMARK [2][-]{subsection.4.10.3}{\376\377\000P\000r\000e\000d\000i\000c\000c\000i\000o\000n\000e\000s\000\040\000s\000o\000b\000r\000e\000\040\000l\000o\000s\000\040\000d\000a\000t\000o\000s\000\040\000d\000e\000\040\000p\000r\000u\000e\000b\000a\000\040\000y\000\040\000m\000\351\000t\000r\000i\000c\000a\000s\000\040\000d\000e\000\040\000r\000e\000n\000d\000i\000m\000i\000e\000n\000t\000o}{section.4.10}% 72
\BOOKMARK [2][-]{subsection.4.10.4}{\376\377\000M\000a\000t\000r\000i\000z\000\040\000d\000e\000\040\000C\000o\000n\000f\000u\000s\000i\000\363\000n}{section.4.10}% 73
\BOOKMARK [0][-]{chapter.5}{\376\377\000R\000E\000S\000U\000L\000T\000A\000D\000O\000S}{}% 74
\BOOKMARK [1][-]{section.5.1}{\376\377\000N\000a\000\357\000v\000e\000\040\000B\000a\000y\000e\000s\000\040\000-\000\040\000T\000e\000s\000t\000e\000o\000\040\000d\000e\000l\000\040\000a\000l\000g\000o\000r\000i\000t\000m\000o}{chapter.5}% 75
\BOOKMARK [2][-]{subsection.5.1.1}{\376\377\000P\000r\000e\000d\000i\000c\000c\000i\000o\000n\000e\000s\000\040\000s\000o\000b\000r\000e\000\040\000l\000o\000s\000\040\000d\000a\000t\000o\000s\000\040\000d\000e\000l\000\040\000t\000e\000s\000t\000i\000n\000g\000\040\000y\000\040\000m\000\351\000t\000r\000i\000c\000a\000s\000\040\000d\000e\000\040\000r\000e\000n\000d\000i\000m\000i\000e\000n\000t\000o}{section.5.1}% 76
\BOOKMARK [2][-]{subsection.5.1.2}{\376\377\000M\000a\000t\000r\000i\000z\000\040\000d\000e\000\040\000C\000o\000n\000f\000u\000s\000i\000\363\000n}{section.5.1}% 77
\BOOKMARK [1][-]{section.5.2}{\376\377\000N\000a\000\357\000v\000e\000\040\000B\000a\000y\000e\000s\000\040\000-\000\040\000U\000s\000o\000\040\000d\000e\000l\000\040\000a\000l\000g\000o\000r\000i\000t\000m\000o}{chapter.5}% 78
\BOOKMARK [2][-]{subsection.5.2.1}{\376\377\000I\000m\000p\000o\000r\000t\000a\000n\000c\000i\000a\000\040\000d\000e\000\040\000l\000o\000s\000\040\000p\000r\000e\000d\000i\000c\000t\000o\000r\000e\000s}{section.5.2}% 79
\BOOKMARK [1][-]{section.5.3}{\376\377\000L\000o\000g\000i\000s\000t\000i\000c\000\040\000R\000e\000g\000r\000e\000s\000s\000i\000o\000n\000\040\000-\000\040\000T\000e\000s\000t\000e\000o\000\040\000d\000e\000l\000\040\000a\000l\000g\000o\000r\000i\000t\000m\000o}{chapter.5}% 80
\BOOKMARK [2][-]{subsection.5.3.1}{\376\377\000P\000r\000e\000d\000i\000c\000c\000i\000o\000n\000e\000s\000\040\000s\000o\000b\000r\000e\000\040\000l\000o\000s\000\040\000d\000a\000t\000o\000s\000\040\000d\000e\000l\000\040\000t\000e\000s\000t\000i\000n\000g\000\040\000y\000\040\000m\000\351\000t\000r\000i\000c\000a\000s\000\040\000d\000e\000\040\000r\000e\000n\000d\000i\000m\000i\000e\000n\000t\000o}{section.5.3}% 81
\BOOKMARK [2][-]{subsection.5.3.2}{\376\377\000M\000a\000t\000r\000i\000z\000\040\000d\000e\000\040\000C\000o\000n\000f\000u\000s\000i\000\363\000n}{section.5.3}% 82
\BOOKMARK [1][-]{section.5.4}{\376\377\000L\000o\000g\000i\000s\000t\000i\000c\000\040\000R\000e\000g\000r\000e\000s\000s\000i\000o\000n\000\040\000-\000\040\000U\000s\000o\000\040\000d\000e\000l\000\040\000a\000l\000g\000o\000r\000i\000t\000m\000o}{chapter.5}% 83
\BOOKMARK [2][-]{subsection.5.4.1}{\376\377\000I\000m\000p\000o\000r\000t\000a\000n\000c\000i\000a\000\040\000d\000e\000\040\000l\000o\000s\000\040\000p\000r\000e\000d\000i\000c\000t\000o\000r\000e\000s}{section.5.4}% 84
\BOOKMARK [1][-]{section.5.5}{\376\377\000D\000e\000c\000i\000s\000i\000o\000n\000\040\000T\000r\000e\000e\000\040\000-\000\040\000T\000e\000s\000t\000e\000o\000\040\000d\000e\000l\000\040\000a\000l\000g\000o\000r\000i\000t\000m\000o}{chapter.5}% 85
\BOOKMARK [2][-]{subsection.5.5.1}{\376\377\000P\000r\000e\000d\000i\000c\000c\000i\000o\000n\000e\000s\000\040\000s\000o\000b\000r\000e\000\040\000l\000o\000s\000\040\000d\000a\000t\000o\000s\000\040\000d\000e\000l\000\040\000t\000e\000s\000t\000i\000n\000g\000\040\000y\000\040\000m\000\351\000t\000r\000i\000c\000a\000s\000\040\000d\000e\000\040\000r\000e\000n\000d\000i\000m\000i\000e\000n\000t\000o}{section.5.5}% 86
\BOOKMARK [2][-]{subsection.5.5.2}{\376\377\000M\000a\000t\000r\000i\000z\000\040\000d\000e\000\040\000C\000o\000n\000f\000u\000s\000i\000\363\000n}{section.5.5}% 87
\BOOKMARK [1][-]{section.5.6}{\376\377\000D\000e\000c\000i\000s\000i\000o\000n\000\040\000T\000r\000e\000e\000\040\000-\000\040\000U\000s\000o\000\040\000d\000e\000l\000\040\000a\000l\000g\000o\000r\000i\000t\000m\000o}{chapter.5}% 88
\BOOKMARK [2][-]{subsection.5.6.1}{\376\377\000I\000m\000p\000o\000r\000t\000a\000n\000c\000i\000a\000\040\000d\000e\000\040\000l\000o\000s\000\040\000p\000r\000e\000d\000i\000c\000t\000o\000r\000e\000s}{section.5.6}% 89
\BOOKMARK [2][-]{subsection.5.6.2}{\376\377\000I\000m\000p\000o\000r\000t\000a\000n\000c\000i\000a\000\040\000a\000c\000u\000m\000u\000l\000a\000d\000a}{section.5.6}% 90
\BOOKMARK [1][-]{section.5.7}{\376\377\000R\000a\000n\000d\000o\000m\000\040\000F\000o\000r\000e\000s\000t\000\040\000-\000\040\000T\000e\000s\000t\000e\000o\000\040\000d\000e\000l\000\040\000a\000l\000g\000o\000r\000i\000t\000m\000o}{chapter.5}% 91
\BOOKMARK [2][-]{subsection.5.7.1}{\376\377\000P\000r\000e\000d\000i\000c\000c\000i\000o\000n\000e\000s\000\040\000s\000o\000b\000r\000e\000\040\000l\000o\000s\000\040\000d\000a\000t\000o\000s\000\040\000d\000e\000l\000\040\000t\000e\000s\000t\000i\000n\000g\000\040\000y\000\040\000m\000\351\000t\000r\000i\000c\000a\000s\000\040\000d\000e\000\040\000r\000e\000n\000d\000i\000m\000i\000e\000n\000t\000o}{section.5.7}% 92
\BOOKMARK [2][-]{subsection.5.7.2}{\376\377\000M\000a\000t\000r\000i\000z\000\040\000d\000e\000\040\000C\000o\000n\000f\000u\000s\000i\000\363\000n}{section.5.7}% 93
\BOOKMARK [2][-]{subsection.5.7.3}{\376\377\000I\000m\000p\000o\000r\000t\000a\000n\000c\000i\000a\000\040\000d\000e\000\040\000l\000o\000s\000\040\000p\000r\000e\000d\000i\000c\000t\000o\000r\000e\000s}{section.5.7}% 94
\BOOKMARK [2][-]{subsection.5.7.4}{\376\377\000I\000m\000p\000o\000r\000t\000a\000n\000c\000i\000a\000\040\000a\000c\000u\000m\000u\000l\000a\000d\000a}{section.5.7}% 95
\BOOKMARK [1][-]{section.5.8}{\376\377\000C\000o\000m\000p\000a\000r\000a\000t\000i\000v\000a\000\040\000d\000e\000\040\000p\000r\000o\000n\000\363\000s\000t\000i\000c\000o\000s}{chapter.5}% 96
\BOOKMARK [2][-]{subsection.5.8.1}{\376\377\000P\000r\000o\000n\000\363\000s\000t\000i\000c\000o\000\040\000f\000a\000v\000o\000r\000a\000b\000l\000e\000\040\000p\000o\000s\000t\000\040\000A\000C\000V}{section.5.8}% 97
\BOOKMARK [2][-]{subsection.5.8.2}{\376\377\000P\000r\000o\000n\000\363\000s\000t\000i\000c\000o\000\040\000m\000e\000n\000o\000s\000\040\000f\000a\000v\000o\000r\000a\000b\000l\000e\000\040\000p\000o\000s\000t\000\040\000A\000C\000V}{section.5.8}% 98
\BOOKMARK [1][-]{section.5.9}{\376\377\000C\000o\000m\000p\000a\000r\000a\000c\000i\000\363\000n\000\040\000F\000i\000n\000a\000l}{chapter.5}% 99
\BOOKMARK [0][-]{chapter.6}{\376\377\000D\000I\000S\000C\000U\000S\000I\000O\000N\000E\000S\000,\000\040\000C\000O\000N\000C\000L\000U\000S\000I\000O\000N\000E\000S\000\040\000Y\000\040\000R\000E\000C\000O\000M\000E\000N\000D\000A\000C\000I\000O\000N\000E\000S}{}% 100
